{
  "RSpec": {
    "coverage": {
      "/Users/kaori/Desktop/Work/GO-RoR/GoldenBlog/app/models/user.rb": {
        "lines": [
          1,
          1,
          1,
          1,
          1,
          1,
          1,
          null,
          1,
          1,
          null,
          null,
          null,
          1,
          null,
          null,
          null,
          1,
          2,
          null,
          2,
          null,
          1,
          null,
          null,
          null,
          null,
          null,
          null,
          null,
          null,
          null,
          1,
          1,
          1,
          null,
          null,
          1,
          5,
          null,
          null
        ]
      },
      "/Users/kaori/Desktop/Work/GO-RoR/GoldenBlog/app/models/application_record.rb": {
        "lines": [
          1,
          1,
          null
        ]
      },
      "/Users/kaori/Desktop/Work/GO-RoR/GoldenBlog/app/uploaders/avatar_uploader.rb": {
        "lines": [
          1,
          null,
          null,
          null,
          1,
          null,
          1,
          1,
          null,
          null,
          1,
          1,
          null,
          null,
          null,
          null,
          null,
          null,
          null,
          null,
          null,
          null,
          null,
          null,
          null,
          null,
          null,
          null,
          null,
          null,
          null,
          null,
          null,
          null,
          null,
          null,
          null,
          null,
          null,
          null,
          null,
          null,
          null,
          null,
          null,
          null,
          1,
          0,
          null,
          null,
          null,
          null,
          null,
          null,
          null,
          null
        ]
      },
      "/Users/kaori/Desktop/Work/GO-RoR/GoldenBlog/app/helpers/application_helper.rb": {
        "lines": [
          1,
          1,
          3,
          null,
          4,
          2,
          null,
          null
        ]
      },
      "/Users/kaori/Desktop/Work/GO-RoR/GoldenBlog/app/controllers/admin/base_controller.rb": {
        "lines": [
          1,
          1,
          1,
          1,
          1,
          null,
          1,
          null,
          1,
          3,
          null,
          null
        ]
      },
      "/Users/kaori/Desktop/Work/GO-RoR/GoldenBlog/app/controllers/admin/categories_controller.rb": {
        "lines": [
          1,
          1,
          1,
          null,
          null
        ]
      },
      "/Users/kaori/Desktop/Work/GO-RoR/GoldenBlog/app/controllers/admin/users_controller.rb": {
        "lines": [
          1,
          1,
          1,
          null,
          1,
          1,
          null,
          null,
          1,
          null,
          null,
          1,
          0,
          null,
          0,
          0,
          null,
          null,
          null,
          1,
          null,
          1,
          1,
          1,
          1,
          null,
          null,
          null,
          1,
          null,
          1,
          0,
          null,
          null,
          1,
          2,
          null,
          null
        ]
      },
      "/Users/kaori/Desktop/Work/GO-RoR/GoldenBlog/app/controllers/categories_controller.rb": {
        "lines": [
          1,
          1,
          1,
          null,
          null,
          1,
          2,
          null,
          2,
          1,
          null,
          1,
          null,
          null,
          null,
          1,
          1,
          1,
          null,
          null,
          1,
          null,
          1,
          2,
          null,
          null,
          null
        ]
      },
      "/Users/kaori/Desktop/Work/GO-RoR/GoldenBlog/app/controllers/application_controller.rb": {
        "lines": [
          1,
          1,
          1,
          1,
          null,
          1,
          null,
          1,
          0,
          0,
          null,
          null
        ]
      },
      "/Users/kaori/Desktop/Work/GO-RoR/GoldenBlog/app/controllers/comments_controller.rb": {
        "lines": [
          1,
          1,
          2,
          2,
          2,
          1,
          null,
          1,
          null,
          null,
          null,
          1,
          null,
          1,
          2,
          null,
          null
        ]
      },
      "/Users/kaori/Desktop/Work/GO-RoR/GoldenBlog/app/controllers/likes_controller.rb": {
        "lines": [
          1,
          1,
          null,
          1,
          1,
          null,
          null,
          1,
          1,
          1,
          null,
          1,
          1,
          2,
          null,
          null,
          null,
          1,
          null,
          1,
          2,
          null,
          null
        ]
      },
      "/Users/kaori/Desktop/Work/GO-RoR/GoldenBlog/app/controllers/posts_controller.rb": {
        "lines": [
          1,
          1,
          1,
          1,
          1,
          null,
          1,
          2,
          null,
          2,
          2,
          2,
          null,
          null,
          null,
          1,
          1,
          null,
          null,
          1,
          2,
          2,
          1,
          null,
          1,
          1,
          null,
          null,
          null,
          1,
          null,
          1,
          2,
          1,
          null,
          1,
          1,
          null,
          null,
          null,
          1,
          1,
          null,
          1,
          1,
          null,
          null,
          1,
          1,
          null,
          1,
          1,
          null,
          null,
          1,
          4,
          1,
          3,
          1,
          2,
          1,
          null,
          1,
          6,
          null,
          4,
          4,
          7,
          null,
          null,
          null,
          1,
          1,
          null,
          null,
          1,
          null,
          1,
          4,
          null,
          null,
          1,
          5,
          null,
          null,
          1,
          2,
          null,
          null,
          1,
          6,
          null,
          null
        ]
      },
      "/Users/kaori/Desktop/Work/GO-RoR/GoldenBlog/app/controllers/rates_controller.rb": {
        "lines": [
          1,
          1,
          null,
          1,
          2,
          2,
          2,
          null,
          0,
          null,
          null,
          2,
          2,
          4,
          null,
          null,
          null,
          1,
          null,
          1,
          2,
          null,
          null,
          1,
          2,
          null,
          null
        ]
      },
      "/Users/kaori/Desktop/Work/GO-RoR/GoldenBlog/app/mailers/user_mailer.rb": {
        "lines": [
          1,
          null
        ]
      },
      "/Users/kaori/Desktop/Work/GO-RoR/GoldenBlog/app/mailers/application_mailer.rb": {
        "lines": [
          1,
          1,
          1,
          null
        ]
      },
      "/Users/kaori/Desktop/Work/GO-RoR/GoldenBlog/app/models/category.rb": {
        "lines": [
          1,
          1,
          1,
          1,
          1,
          null
        ]
      },
      "/Users/kaori/Desktop/Work/GO-RoR/GoldenBlog/app/models/comment.rb": {
        "lines": [
          1,
          1,
          1,
          null,
          1,
          null
        ]
      },
      "/Users/kaori/Desktop/Work/GO-RoR/GoldenBlog/app/models/like.rb": {
        "lines": [
          1,
          1,
          1,
          null
        ]
      },
      "/Users/kaori/Desktop/Work/GO-RoR/GoldenBlog/app/models/post.rb": {
        "lines": [
          1,
          1,
          1,
          1,
          1,
          1,
          1,
          null,
          1,
          1,
          null,
          13,
          null,
          1,
          3,
          3,
          3,
          1,
          null,
          2,
          null,
          null,
          null,
          1,
          3,
          null,
          null
        ]
      },
      "/Users/kaori/Desktop/Work/GO-RoR/GoldenBlog/app/uploaders/image_uploader.rb": {
        "lines": [
          1,
          null,
          null,
          null,
          null,
          1,
          null,
          1,
          1,
          null,
          null,
          1,
          1,
          null,
          null,
          null,
          null,
          null,
          null,
          null,
          null,
          null,
          null,
          null,
          null,
          null,
          null,
          null,
          null,
          null,
          null,
          null,
          null,
          null,
          null,
          null,
          null,
          null,
          null,
          null,
          null,
          null,
          null,
          null,
          null,
          null,
          null,
          null,
          null,
          null,
          null,
          null,
          null,
          null,
          null,
          null,
          null
        ]
      },
      "/Users/kaori/Desktop/Work/GO-RoR/GoldenBlog/app/models/rate.rb": {
        "lines": [
          1,
          1,
          1,
          null,
          1,
          null
        ]
      },
      "/Users/kaori/Desktop/Work/GO-RoR/GoldenBlog/app/jobs/application_job.rb": {
        "lines": [
          0,
          null,
          null,
          null,
          null,
          null,
          0
        ],
        "branches": {
        }
      },
      "/Users/kaori/Desktop/Work/GO-RoR/GoldenBlog/app/controllers/admin/posts_controller.rb": {
        "lines": [
          0,
          0,
          null,
          0,
          0,
          0,
          0,
          0,
          null,
          0,
          0,
          0,
          null,
          0,
          0,
          0,
          null,
          0,
          0,
          0,
          null,
          0,
          0,
          null,
          0,
          0,
          0,
          null,
          0,
          null,
          0,
          0,
          0,
          null,
          0,
          0,
          0,
          null,
          0,
          0,
          0,
          null,
          0
        ],
        "branches": {
        }
      },
      "/Users/kaori/Desktop/Work/GO-RoR/GoldenBlog/app/controllers/users/omniauth_callbacks_controller.rb": {
        "lines": [
          0,
          0,
          null,
          0,
          null,
          0,
          0,
          0,
          0,
          0,
          0,
          0,
          0,
          null,
          0,
          0,
          0,
          0
        ],
        "branches": {
        }
      },
      "/Users/kaori/Desktop/Work/GO-RoR/GoldenBlog/app/channels/application_cable/connection.rb": {
        "lines": [
          0,
          0,
          0,
          0
        ],
        "branches": {
        }
      },
      "/Users/kaori/Desktop/Work/GO-RoR/GoldenBlog/app/channels/application_cable/channel.rb": {
        "lines": [
          0,
          0,
          0,
          0
        ],
        "branches": {
        }
      }
    },
    "timestamp": 1595391359
  }
}
